{"C:\\Users\\dioge\\OneDrive\\Área de Trabalho\\Arquivos\\Faculdade\\topicos-espeicais\\sequelize\\app.js": {"path":"C:\\Users\\dioge\\OneDrive\\Área de Trabalho\\Arquivos\\Faculdade\\topicos-espeicais\\sequelize\\app.js","statementMap":{"0":{"start":{"line":1,"column":14},"end":{"line":1,"column":32}},"1":{"start":{"line":2,"column":17},"end":{"line":2,"column":39}},"2":{"start":{"line":4,"column":17},"end":{"line":4,"column":54}},"3":{"start":{"line":5,"column":19},"end":{"line":5,"column":56}},"4":{"start":{"line":8,"column":10},"end":{"line":8,"column":19}},"5":{"start":{"line":13,"column":0},"end":{"line":13,"column":52}},"6":{"start":{"line":14,"column":0},"end":{"line":14,"column":27}},"7":{"start":{"line":16,"column":0},"end":{"line":18,"column":3}},"8":{"start":{"line":17,"column":2},"end":{"line":17,"column":32}},"9":{"start":{"line":19,"column":0},"end":{"line":37,"column":3}},"10":{"start":{"line":20,"column":2},"end":{"line":36,"column":3}},"11":{"start":{"line":21,"column":20},"end":{"line":25,"column":6}},"12":{"start":{"line":27,"column":4},"end":{"line":27,"column":61}},"13":{"start":{"line":28,"column":4},"end":{"line":32,"column":5}},"14":{"start":{"line":29,"column":6},"end":{"line":29,"column":33}},"15":{"start":{"line":31,"column":6},"end":{"line":31,"column":18}},"16":{"start":{"line":34,"column":4},"end":{"line":34,"column":23}},"17":{"start":{"line":35,"column":4},"end":{"line":35,"column":32}},"18":{"start":{"line":39,"column":0},"end":{"line":43,"column":3}},"19":{"start":{"line":40,"column":16},"end":{"line":40,"column":50}},"20":{"start":{"line":41,"column":2},"end":{"line":41,"column":21}},"21":{"start":{"line":42,"column":2},"end":{"line":42,"column":30}},"22":{"start":{"line":45,"column":0},"end":{"line":50,"column":3}},"23":{"start":{"line":46,"column":14},"end":{"line":46,"column":28}},"24":{"start":{"line":47,"column":16},"end":{"line":47,"column":48}},"25":{"start":{"line":48,"column":2},"end":{"line":48,"column":21}},"26":{"start":{"line":49,"column":2},"end":{"line":49,"column":30}},"27":{"start":{"line":52,"column":0},"end":{"line":73,"column":3}},"28":{"start":{"line":53,"column":2},"end":{"line":72,"column":3}},"29":{"start":{"line":54,"column":20},"end":{"line":61,"column":6}},"30":{"start":{"line":63,"column":4},"end":{"line":63,"column":61}},"31":{"start":{"line":64,"column":4},"end":{"line":68,"column":5}},"32":{"start":{"line":65,"column":6},"end":{"line":65,"column":33}},"33":{"start":{"line":67,"column":6},"end":{"line":67,"column":18}},"34":{"start":{"line":70,"column":4},"end":{"line":70,"column":23}},"35":{"start":{"line":71,"column":4},"end":{"line":71,"column":32}},"36":{"start":{"line":75,"column":0},"end":{"line":79,"column":3}},"37":{"start":{"line":76,"column":16},"end":{"line":76,"column":50}},"38":{"start":{"line":77,"column":2},"end":{"line":77,"column":21}},"39":{"start":{"line":78,"column":2},"end":{"line":78,"column":30}},"40":{"start":{"line":81,"column":0},"end":{"line":86,"column":3}},"41":{"start":{"line":82,"column":14},"end":{"line":82,"column":28}},"42":{"start":{"line":83,"column":16},"end":{"line":83,"column":48}},"43":{"start":{"line":84,"column":2},"end":{"line":84,"column":21}},"44":{"start":{"line":85,"column":2},"end":{"line":85,"column":30}},"45":{"start":{"line":88,"column":0},"end":{"line":88,"column":21}}},"fnMap":{"0":{"name":"(anonymous_0)","decl":{"start":{"line":16,"column":20},"end":{"line":16,"column":21}},"loc":{"start":{"line":16,"column":40},"end":{"line":18,"column":1}},"line":16},"1":{"name":"(anonymous_1)","decl":{"start":{"line":19,"column":29},"end":{"line":19,"column":30}},"loc":{"start":{"line":19,"column":55},"end":{"line":37,"column":1}},"line":19},"2":{"name":"(anonymous_2)","decl":{"start":{"line":39,"column":28},"end":{"line":39,"column":29}},"loc":{"start":{"line":39,"column":54},"end":{"line":43,"column":1}},"line":39},"3":{"name":"(anonymous_3)","decl":{"start":{"line":45,"column":33},"end":{"line":45,"column":34}},"loc":{"start":{"line":45,"column":59},"end":{"line":50,"column":1}},"line":45},"4":{"name":"(anonymous_4)","decl":{"start":{"line":52,"column":29},"end":{"line":52,"column":30}},"loc":{"start":{"line":52,"column":55},"end":{"line":73,"column":1}},"line":52},"5":{"name":"(anonymous_5)","decl":{"start":{"line":75,"column":28},"end":{"line":75,"column":29}},"loc":{"start":{"line":75,"column":54},"end":{"line":79,"column":1}},"line":75},"6":{"name":"(anonymous_6)","decl":{"start":{"line":81,"column":33},"end":{"line":81,"column":34}},"loc":{"start":{"line":81,"column":59},"end":{"line":86,"column":1}},"line":81}},"branchMap":{"0":{"loc":{"start":{"line":28,"column":4},"end":{"line":32,"column":5}},"type":"if","locations":[{"start":{"line":28,"column":4},"end":{"line":32,"column":5}},{"start":{"line":30,"column":11},"end":{"line":32,"column":5}}],"line":28},"1":{"loc":{"start":{"line":64,"column":4},"end":{"line":68,"column":5}},"type":"if","locations":[{"start":{"line":64,"column":4},"end":{"line":68,"column":5}},{"start":{"line":66,"column":11},"end":{"line":68,"column":5}}],"line":64}},"s":{"0":1,"1":1,"2":1,"3":1,"4":1,"5":1,"6":1,"7":1,"8":1,"9":1,"10":2,"11":2,"12":2,"13":2,"14":1,"15":1,"16":1,"17":1,"18":1,"19":1,"20":1,"21":1,"22":1,"23":1,"24":1,"25":1,"26":1,"27":1,"28":2,"29":2,"30":2,"31":2,"32":1,"33":1,"34":1,"35":1,"36":1,"37":1,"38":1,"39":1,"40":1,"41":1,"42":1,"43":1,"44":1,"45":1},"f":{"0":1,"1":2,"2":1,"3":1,"4":2,"5":1,"6":1},"b":{"0":[1,1],"1":[1,1]},"_coverageSchema":"1a1c01bbd47fc00a2c39e90264f33305004495a9","hash":"1b41768b921de00886873163a8e777add8166394"}
,"C:\\Users\\dioge\\OneDrive\\Área de Trabalho\\Arquivos\\Faculdade\\topicos-espeicais\\sequelize\\sum.js": {"path":"C:\\Users\\dioge\\OneDrive\\Área de Trabalho\\Arquivos\\Faculdade\\topicos-espeicais\\sequelize\\sum.js","statementMap":{"0":{"start":{"line":1,"column":10},"end":{"line":3,"column":1}},"1":{"start":{"line":2,"column":4},"end":{"line":2,"column":21}},"2":{"start":{"line":6,"column":0},"end":{"line":8,"column":1}}},"fnMap":{"0":{"name":"(anonymous_0)","decl":{"start":{"line":1,"column":10},"end":{"line":1,"column":11}},"loc":{"start":{"line":1,"column":29},"end":{"line":3,"column":1}},"line":1}},"branchMap":{},"s":{"0":1,"1":2,"2":1},"f":{"0":2},"b":{},"_coverageSchema":"1a1c01bbd47fc00a2c39e90264f33305004495a9","hash":"5d5630e6f23c28f177997bc7f4b6a6fcc7ba69ad"}
,"C:\\Users\\dioge\\OneDrive\\Área de Trabalho\\Arquivos\\Faculdade\\topicos-espeicais\\sequelize\\database\\dao\\cliente-dao.js": {"path":"C:\\Users\\dioge\\OneDrive\\Área de Trabalho\\Arquivos\\Faculdade\\topicos-espeicais\\sequelize\\database\\dao\\cliente-dao.js","statementMap":{"0":{"start":{"line":1,"column":17},"end":{"line":1,"column":42}},"1":{"start":{"line":2,"column":16},"end":{"line":2,"column":44}},"2":{"start":{"line":7,"column":2},"end":{"line":17,"column":3}},"3":{"start":{"line":8,"column":24},"end":{"line":12,"column":6}},"4":{"start":{"line":13,"column":4},"end":{"line":13,"column":16}},"5":{"start":{"line":15,"column":4},"end":{"line":15,"column":53}},"6":{"start":{"line":16,"column":4},"end":{"line":16,"column":17}},"7":{"start":{"line":21,"column":2},"end":{"line":21,"column":33}},"8":{"start":{"line":25,"column":2},"end":{"line":29,"column":5}},"9":{"start":{"line":32,"column":0},"end":{"line":36,"column":2}}},"fnMap":{"0":{"name":"gravarDados","decl":{"start":{"line":6,"column":15},"end":{"line":6,"column":26}},"loc":{"start":{"line":6,"column":34},"end":{"line":18,"column":1}},"line":6},"1":{"name":"buscaTodosDados","decl":{"start":{"line":20,"column":15},"end":{"line":20,"column":30}},"loc":{"start":{"line":20,"column":33},"end":{"line":22,"column":1}},"line":20},"2":{"name":"buscaDados","decl":{"start":{"line":24,"column":15},"end":{"line":24,"column":25}},"loc":{"start":{"line":24,"column":41},"end":{"line":30,"column":1}},"line":24}},"branchMap":{},"s":{"0":2,"1":2,"2":2,"3":2,"4":1,"5":1,"6":1,"7":1,"8":1,"9":2},"f":{"0":2,"1":1,"2":1},"b":{},"_coverageSchema":"1a1c01bbd47fc00a2c39e90264f33305004495a9","hash":"9dc1390baa3c1e2f2fbf2ea51b27e4d5b746e405"}
,"C:\\Users\\dioge\\OneDrive\\Área de Trabalho\\Arquivos\\Faculdade\\topicos-espeicais\\sequelize\\database\\dao\\produto-dao.js": {"path":"C:\\Users\\dioge\\OneDrive\\Área de Trabalho\\Arquivos\\Faculdade\\topicos-espeicais\\sequelize\\database\\dao\\produto-dao.js","statementMap":{"0":{"start":{"line":1,"column":17},"end":{"line":1,"column":42}},"1":{"start":{"line":2,"column":16},"end":{"line":2,"column":44}},"2":{"start":{"line":7,"column":2},"end":{"line":20,"column":3}},"3":{"start":{"line":8,"column":24},"end":{"line":15,"column":6}},"4":{"start":{"line":16,"column":4},"end":{"line":16,"column":16}},"5":{"start":{"line":18,"column":4},"end":{"line":18,"column":53}},"6":{"start":{"line":19,"column":4},"end":{"line":19,"column":17}},"7":{"start":{"line":24,"column":2},"end":{"line":24,"column":33}},"8":{"start":{"line":28,"column":2},"end":{"line":32,"column":5}},"9":{"start":{"line":35,"column":0},"end":{"line":39,"column":2}}},"fnMap":{"0":{"name":"gravarDados","decl":{"start":{"line":6,"column":15},"end":{"line":6,"column":26}},"loc":{"start":{"line":6,"column":34},"end":{"line":21,"column":1}},"line":6},"1":{"name":"buscaTodosDados","decl":{"start":{"line":23,"column":15},"end":{"line":23,"column":30}},"loc":{"start":{"line":23,"column":33},"end":{"line":25,"column":1}},"line":23},"2":{"name":"buscaDados","decl":{"start":{"line":27,"column":15},"end":{"line":27,"column":25}},"loc":{"start":{"line":27,"column":41},"end":{"line":33,"column":1}},"line":27}},"branchMap":{},"s":{"0":2,"1":2,"2":2,"3":2,"4":0,"5":2,"6":2,"7":1,"8":1,"9":2},"f":{"0":2,"1":1,"2":1},"b":{},"_coverageSchema":"1a1c01bbd47fc00a2c39e90264f33305004495a9","hash":"015dd3fca48d379b29034f07e186ae5517907ba4"}
,"C:\\Users\\dioge\\OneDrive\\Área de Trabalho\\Arquivos\\Faculdade\\topicos-espeicais\\sequelize\\database\\db\\dbconfig.js": {"path":"C:\\Users\\dioge\\OneDrive\\Área de Trabalho\\Arquivos\\Faculdade\\topicos-espeicais\\sequelize\\database\\db\\dbconfig.js","statementMap":{"0":{"start":{"line":1,"column":22},"end":{"line":1,"column":42}},"1":{"start":{"line":9,"column":17},"end":{"line":13,"column":2}},"2":{"start":{"line":16,"column":2},"end":{"line":16,"column":43}},"3":{"start":{"line":17,"column":0},"end":{"line":22,"column":3}},"4":{"start":{"line":18,"column":4},"end":{"line":18,"column":34}},"5":{"start":{"line":19,"column":4},"end":{"line":19,"column":78}},"6":{"start":{"line":21,"column":4},"end":{"line":21,"column":95}},"7":{"start":{"line":25,"column":0},"end":{"line":25,"column":32}}},"fnMap":{"0":{"name":"check","decl":{"start":{"line":15,"column":15},"end":{"line":15,"column":20}},"loc":{"start":{"line":15,"column":22},"end":{"line":23,"column":1}},"line":15}},"branchMap":{},"s":{"0":4,"1":4,"2":2,"3":2,"4":2,"5":2,"6":0,"7":4},"f":{"0":2},"b":{},"_coverageSchema":"1a1c01bbd47fc00a2c39e90264f33305004495a9","hash":"4f6c37454f2a5e7266e84dc124443a0ac18de0ae"}
,"C:\\Users\\dioge\\OneDrive\\Área de Trabalho\\Arquivos\\Faculdade\\topicos-espeicais\\sequelize\\database\\models\\cliente.js": {"path":"C:\\Users\\dioge\\OneDrive\\Área de Trabalho\\Arquivos\\Faculdade\\topicos-espeicais\\sequelize\\database\\models\\cliente.js","statementMap":{"0":{"start":{"line":1,"column":16},"end":{"line":1,"column":36}},"1":{"start":{"line":2,"column":17},"end":{"line":2,"column":45}},"2":{"start":{"line":4,"column":14},"end":{"line":25,"column":2}},"3":{"start":{"line":27,"column":0},"end":{"line":27,"column":23}}},"fnMap":{},"branchMap":{},"s":{"0":2,"1":2,"2":2,"3":2},"f":{},"b":{},"_coverageSchema":"1a1c01bbd47fc00a2c39e90264f33305004495a9","hash":"ab710323a946bd638d75a96c3cb7039c9c64b480"}
,"C:\\Users\\dioge\\OneDrive\\Área de Trabalho\\Arquivos\\Faculdade\\topicos-espeicais\\sequelize\\database\\models\\produto.js": {"path":"C:\\Users\\dioge\\OneDrive\\Área de Trabalho\\Arquivos\\Faculdade\\topicos-espeicais\\sequelize\\database\\models\\produto.js","statementMap":{"0":{"start":{"line":1,"column":16},"end":{"line":1,"column":36}},"1":{"start":{"line":2,"column":17},"end":{"line":2,"column":45}},"2":{"start":{"line":4,"column":14},"end":{"line":36,"column":2}},"3":{"start":{"line":38,"column":0},"end":{"line":38,"column":23}}},"fnMap":{},"branchMap":{},"s":{"0":2,"1":2,"2":2,"3":2},"f":{},"b":{},"_coverageSchema":"1a1c01bbd47fc00a2c39e90264f33305004495a9","hash":"d624d4267fc40e11d49a69111b74814b5df0d9df"}
}
