TN:
SF:app.js
FN:16,(anonymous_0)
FN:19,(anonymous_1)
FN:39,(anonymous_2)
FN:45,(anonymous_3)
FN:52,(anonymous_4)
FN:75,(anonymous_5)
FN:81,(anonymous_6)
FNF:7
FNH:7
FNDA:1,(anonymous_0)
FNDA:2,(anonymous_1)
FNDA:1,(anonymous_2)
FNDA:1,(anonymous_3)
FNDA:2,(anonymous_4)
FNDA:1,(anonymous_5)
FNDA:1,(anonymous_6)
DA:1,1
DA:2,1
DA:4,1
DA:5,1
DA:8,1
DA:13,1
DA:14,1
DA:16,1
DA:17,1
DA:19,1
DA:20,2
DA:21,2
DA:27,2
DA:28,2
DA:29,1
DA:31,1
DA:34,1
DA:35,1
DA:39,1
DA:40,1
DA:41,1
DA:42,1
DA:45,1
DA:46,1
DA:47,1
DA:48,1
DA:49,1
DA:52,1
DA:53,2
DA:54,2
DA:63,2
DA:64,2
DA:65,1
DA:67,1
DA:70,1
DA:71,1
DA:75,1
DA:76,1
DA:77,1
DA:78,1
DA:81,1
DA:82,1
DA:83,1
DA:84,1
DA:85,1
DA:88,1
LF:46
LH:46
BRDA:28,0,0,1
BRDA:28,0,1,1
BRDA:64,1,0,1
BRDA:64,1,1,1
BRF:4
BRH:4
end_of_record
TN:
SF:sum.js
FN:1,(anonymous_0)
FNF:1
FNH:1
FNDA:2,(anonymous_0)
DA:1,1
DA:2,2
DA:6,1
LF:3
LH:3
BRF:0
BRH:0
end_of_record
TN:
SF:database\dao\cliente-dao.js
FN:6,gravarDados
FN:20,buscaTodosDados
FN:24,buscaDados
FNF:3
FNH:3
FNDA:2,gravarDados
FNDA:1,buscaTodosDados
FNDA:1,buscaDados
DA:1,2
DA:2,2
DA:7,2
DA:8,2
DA:13,1
DA:15,1
DA:16,1
DA:21,1
DA:25,1
DA:32,2
LF:10
LH:10
BRF:0
BRH:0
end_of_record
TN:
SF:database\dao\produto-dao.js
FN:6,gravarDados
FN:23,buscaTodosDados
FN:27,buscaDados
FNF:3
FNH:3
FNDA:2,gravarDados
FNDA:1,buscaTodosDados
FNDA:1,buscaDados
DA:1,2
DA:2,2
DA:7,2
DA:8,2
DA:16,0
DA:18,2
DA:19,2
DA:24,1
DA:28,1
DA:35,2
LF:10
LH:9
BRF:0
BRH:0
end_of_record
TN:
SF:database\db\dbconfig.js
FN:15,check
FNF:1
FNH:1
FNDA:2,check
DA:1,4
DA:9,4
DA:16,2
DA:17,2
DA:18,2
DA:19,2
DA:21,0
DA:25,4
LF:8
LH:7
BRF:0
BRH:0
end_of_record
TN:
SF:database\models\cliente.js
FNF:0
FNH:0
DA:1,2
DA:2,2
DA:4,2
DA:27,2
LF:4
LH:4
BRF:0
BRH:0
end_of_record
TN:
SF:database\models\produto.js
FNF:0
FNH:0
DA:1,2
DA:2,2
DA:4,2
DA:38,2
LF:4
LH:4
BRF:0
BRH:0
end_of_record
